2022-03-09 14:10:58 Error: [Cake\View\Exception\MissingTemplateException] Template file "User/index.ctp" is missing. (/home/lipe/TRABALHO_FINAL/trab_fin_bd/vendor/cakephp/cakephp/src/View/View.php:1605)
Exception Attributes: array (
  'file' => 'User/index.ctp',
)
#0 /home/lipe/TRABALHO_FINAL/trab_fin_bd/vendor/cakephp/cakephp/src/View/View.php(888): Cake\View\View->_getViewFileName('User/index')
#1 /home/lipe/TRABALHO_FINAL/trab_fin_bd/vendor/cakephp/cakephp/src/Controller/Controller.php(791): Cake\View\View->render(NULL, NULL)
#2 /home/lipe/TRABALHO_FINAL/trab_fin_bd/vendor/cakephp/cakephp/src/Http/ActionDispatcher.php(126): Cake\Controller\Controller->render()
#3 /home/lipe/TRABALHO_FINAL/trab_fin_bd/vendor/cakephp/cakephp/src/Http/ActionDispatcher.php(94): Cake\Http\ActionDispatcher->_invoke(Object(App\Controller\UserController))
#4 /home/lipe/TRABALHO_FINAL/trab_fin_bd/vendor/cakephp/cakephp/src/Http/BaseApplication.php(256): Cake\Http\ActionDispatcher->dispatch(Object(Cake\Http\ServerRequest), Object(Cake\Http\Response))
#5 /home/lipe/TRABALHO_FINAL/trab_fin_bd/vendor/cakephp/cakephp/src/Http/Runner.php(65): Cake\Http\BaseApplication->__invoke(Object(Cake\Http\ServerRequest), Object(Cake\Http\Response), Object(Cake\Http\Runner))
#6 /home/lipe/TRABALHO_FINAL/trab_fin_bd/vendor/cakephp/cakephp/src/Http/Runner.php(65): Cake\Http\Runner->__invoke(Object(Cake\Http\ServerRequest), Object(Cake\Http\Response), Object(Cake\Http\Runner))
#7 /home/lipe/TRABALHO_FINAL/trab_fin_bd/vendor/cakephp/cakephp/src/Http/Middleware/CsrfProtectionMiddleware.php(126): Cake\Http\Runner->__invoke(Object(Cake\Http\ServerRequest), Object(Cake\Http\Response))
#8 /home/lipe/TRABALHO_FINAL/trab_fin_bd/vendor/cakephp/cakephp/src/Http/Runner.php(65): Cake\Http\Middleware\CsrfProtectionMiddleware->__invoke(Object(Cake\Http\ServerRequest), Object(Cake\Http\Response), Object(Cake\Http\Runner))
#9 /home/lipe/TRABALHO_FINAL/trab_fin_bd/vendor/cakephp/cakephp/src/Http/Runner.php(51): Cake\Http\Runner->__invoke(Object(Cake\Http\ServerRequest), Object(Cake\Http\Response))
#10 /home/lipe/TRABALHO_FINAL/trab_fin_bd/vendor/cakephp/cakephp/src/Routing/Middleware/RoutingMiddleware.php(170): Cake\Http\Runner->run(Object(Cake\Http\MiddlewareQueue), Object(Cake\Http\ServerRequest), Object(Cake\Http\Response))
#11 /home/lipe/TRABALHO_FINAL/trab_fin_bd/vendor/cakephp/cakephp/src/Http/Runner.php(65): Cake\Routing\Middleware\RoutingMiddleware->__invoke(Object(Cake\Http\ServerRequest), Object(Cake\Http\Response), Object(Cake\Http\Runner))
#12 /home/lipe/TRABALHO_FINAL/trab_fin_bd/vendor/cakephp/cakephp/src/Routing/Middleware/AssetMiddleware.php(88): Cake\Http\Runner->__invoke(Object(Cake\Http\ServerRequest), Object(Cake\Http\Response))
#13 /home/lipe/TRABALHO_FINAL/trab_fin_bd/vendor/cakephp/cakephp/src/Http/Runner.php(65): Cake\Routing\Middleware\AssetMiddleware->__invoke(Object(Cake\Http\ServerRequest), Object(Cake\Http\Response), Object(Cake\Http\Runner))
#14 /home/lipe/TRABALHO_FINAL/trab_fin_bd/vendor/cakephp/cakephp/src/Error/Middleware/ErrorHandlerMiddleware.php(100): Cake\Http\Runner->__invoke(Object(Cake\Http\ServerRequest), Object(Cake\Http\Response))
#15 /home/lipe/TRABALHO_FINAL/trab_fin_bd/vendor/cakephp/cakephp/src/Http/Runner.php(65): Cake\Error\Middleware\ErrorHandlerMiddleware->__invoke(Object(Cake\Http\ServerRequest), Object(Cake\Http\Response), Object(Cake\Http\Runner))
#16 /home/lipe/TRABALHO_FINAL/trab_fin_bd/vendor/cakephp/debug_kit/src/Middleware/DebugKitMiddleware.php(53): Cake\Http\Runner->__invoke(Object(Cake\Http\ServerRequest), Object(Cake\Http\Response))
#17 /home/lipe/TRABALHO_FINAL/trab_fin_bd/vendor/cakephp/cakephp/src/Http/Runner.php(65): DebugKit\Middleware\DebugKitMiddleware->__invoke(Object(Cake\Http\ServerRequest), Object(Cake\Http\Response), Object(Cake\Http\Runner))
#18 /home/lipe/TRABALHO_FINAL/trab_fin_bd/vendor/cakephp/cakephp/src/Http/Runner.php(51): Cake\Http\Runner->__invoke(Object(Cake\Http\ServerRequest), Object(Cake\Http\Response))
#19 /home/lipe/TRABALHO_FINAL/trab_fin_bd/vendor/cakephp/cakephp/src/Http/Server.php(97): Cake\Http\Runner->run(Object(Cake\Http\MiddlewareQueue), Object(Cake\Http\ServerRequest), Object(Cake\Http\Response))
#20 /home/lipe/TRABALHO_FINAL/trab_fin_bd/webroot/index.php(40): Cake\Http\Server->run()
#21 {main}
Request URL: /user


2022-03-09 14:39:07 Error: [PDOException] SQLSTATE[23000]: Integrity constraint violation: 1451 Cannot delete or update a parent row: a foreign key constraint fails (`cake_cms`.`product`, CONSTRAINT `FK_Product_4` FOREIGN KEY (`fk_Manufacturer_Id`) REFERENCES `manufacturer` (`id`)) (/home/lipe/TRABALHO_FINAL/trab_fin_bd/vendor/cakephp/cakephp/src/Database/Statement/MysqlStatement.php:37)
#0 /home/lipe/TRABALHO_FINAL/trab_fin_bd/vendor/cakephp/cakephp/src/Database/Statement/MysqlStatement.php(37): PDOStatement->execute(NULL)
#1 /home/lipe/TRABALHO_FINAL/trab_fin_bd/vendor/cakephp/cakephp/src/Database/Statement/StatementDecorator.php(173): Cake\Database\Statement\MysqlStatement->execute(NULL)
#2 /home/lipe/TRABALHO_FINAL/trab_fin_bd/vendor/cakephp/cakephp/src/Database/Log/LoggingStatement.php(55): Cake\Database\Statement\StatementDecorator->execute(NULL)
#3 /home/lipe/TRABALHO_FINAL/trab_fin_bd/vendor/cakephp/cakephp/src/Database/Connection.php(342): Cake\Database\Log\LoggingStatement->execute()
#4 /home/lipe/TRABALHO_FINAL/trab_fin_bd/vendor/cakephp/cakephp/src/Core/Retry/CommandRetry.php(67): Cake\Database\Connection->Cake\Database\{closure}()
#5 /home/lipe/TRABALHO_FINAL/trab_fin_bd/vendor/cakephp/cakephp/src/Database/Connection.php(345): Cake\Core\Retry\CommandRetry->run(Object(Closure))
#6 /home/lipe/TRABALHO_FINAL/trab_fin_bd/vendor/cakephp/cakephp/src/Database/Query.php(218): Cake\Database\Connection->run(Object(Cake\ORM\Query))
#7 /home/lipe/TRABALHO_FINAL/trab_fin_bd/vendor/cakephp/cakephp/src/ORM/Table.php(2538): Cake\Database\Query->execute()
#8 /home/lipe/TRABALHO_FINAL/trab_fin_bd/vendor/cakephp/cakephp/src/ORM/Table.php(2374): Cake\ORM\Table->_processDelete(Object(App\Model\Entity\Manufacturer), Object(ArrayObject))
#9 /home/lipe/TRABALHO_FINAL/trab_fin_bd/vendor/cakephp/cakephp/src/ORM/Table.php(1670): Cake\ORM\Table->Cake\ORM\{closure}()
#10 /home/lipe/TRABALHO_FINAL/trab_fin_bd/vendor/cakephp/cakephp/src/Database/Connection.php(741): Cake\ORM\Table->Cake\ORM\{closure}(Object(Cake\Database\Connection))
#11 /home/lipe/TRABALHO_FINAL/trab_fin_bd/vendor/cakephp/cakephp/src/ORM/Table.php(1671): Cake\Database\Connection->transactional(Object(Closure))
#12 /home/lipe/TRABALHO_FINAL/trab_fin_bd/vendor/cakephp/cakephp/src/ORM/Table.php(2375): Cake\ORM\Table->_executeTransaction(Object(Closure), true)
#13 /home/lipe/TRABALHO_FINAL/trab_fin_bd/src/Controller/ManufacturerController.php(98): Cake\ORM\Table->delete(Object(App\Model\Entity\Manufacturer))
#14 /home/lipe/TRABALHO_FINAL/trab_fin_bd/vendor/cakephp/cakephp/src/Controller/Controller.php(606): App\Controller\ManufacturerController->delete('3')
#15 /home/lipe/TRABALHO_FINAL/trab_fin_bd/vendor/cakephp/cakephp/src/Http/ActionDispatcher.php(120): Cake\Controller\Controller->invokeAction()
#16 /home/lipe/TRABALHO_FINAL/trab_fin_bd/vendor/cakephp/cakephp/src/Http/ActionDispatcher.php(94): Cake\Http\ActionDispatcher->_invoke(Object(App\Controller\ManufacturerController))
#17 /home/lipe/TRABALHO_FINAL/trab_fin_bd/vendor/cakephp/cakephp/src/Http/BaseApplication.php(256): Cake\Http\ActionDispatcher->dispatch(Object(Cake\Http\ServerRequest), Object(Cake\Http\Response))
#18 /home/lipe/TRABALHO_FINAL/trab_fin_bd/vendor/cakephp/cakephp/src/Http/Runner.php(65): Cake\Http\BaseApplication->__invoke(Object(Cake\Http\ServerRequest), Object(Cake\Http\Response), Object(Cake\Http\Runner))
#19 /home/lipe/TRABALHO_FINAL/trab_fin_bd/vendor/cakephp/cakephp/src/Http/Runner.php(65): Cake\Http\Runner->__invoke(Object(Cake\Http\ServerRequest), Object(Cake\Http\Response), Object(Cake\Http\Runner))
#20 /home/lipe/TRABALHO_FINAL/trab_fin_bd/vendor/cakephp/cakephp/src/Http/Middleware/CsrfProtectionMiddleware.php(126): Cake\Http\Runner->__invoke(Object(Cake\Http\ServerRequest), Object(Cake\Http\Response))
#21 /home/lipe/TRABALHO_FINAL/trab_fin_bd/vendor/cakephp/cakephp/src/Http/Runner.php(65): Cake\Http\Middleware\CsrfProtectionMiddleware->__invoke(Object(Cake\Http\ServerRequest), Object(Cake\Http\Response), Object(Cake\Http\Runner))
#22 /home/lipe/TRABALHO_FINAL/trab_fin_bd/vendor/cakephp/cakephp/src/Http/Runner.php(51): Cake\Http\Runner->__invoke(Object(Cake\Http\ServerRequest), Object(Cake\Http\Response))
#23 /home/lipe/TRABALHO_FINAL/trab_fin_bd/vendor/cakephp/cakephp/src/Routing/Middleware/RoutingMiddleware.php(170): Cake\Http\Runner->run(Object(Cake\Http\MiddlewareQueue), Object(Cake\Http\ServerRequest), Object(Cake\Http\Response))
#24 /home/lipe/TRABALHO_FINAL/trab_fin_bd/vendor/cakephp/cakephp/src/Http/Runner.php(65): Cake\Routing\Middleware\RoutingMiddleware->__invoke(Object(Cake\Http\ServerRequest), Object(Cake\Http\Response), Object(Cake\Http\Runner))
#25 /home/lipe/TRABALHO_FINAL/trab_fin_bd/vendor/cakephp/cakephp/src/Routing/Middleware/AssetMiddleware.php(88): Cake\Http\Runner->__invoke(Object(Cake\Http\ServerRequest), Object(Cake\Http\Response))
#26 /home/lipe/TRABALHO_FINAL/trab_fin_bd/vendor/cakephp/cakephp/src/Http/Runner.php(65): Cake\Routing\Middleware\AssetMiddleware->__invoke(Object(Cake\Http\ServerRequest), Object(Cake\Http\Response), Object(Cake\Http\Runner))
#27 /home/lipe/TRABALHO_FINAL/trab_fin_bd/vendor/cakephp/cakephp/src/Error/Middleware/ErrorHandlerMiddleware.php(100): Cake\Http\Runner->__invoke(Object(Cake\Http\ServerRequest), Object(Cake\Http\Response))
#28 /home/lipe/TRABALHO_FINAL/trab_fin_bd/vendor/cakephp/cakephp/src/Http/Runner.php(65): Cake\Error\Middleware\ErrorHandlerMiddleware->__invoke(Object(Cake\Http\ServerRequest), Object(Cake\Http\Response), Object(Cake\Http\Runner))
#29 /home/lipe/TRABALHO_FINAL/trab_fin_bd/vendor/cakephp/debug_kit/src/Middleware/DebugKitMiddleware.php(53): Cake\Http\Runner->__invoke(Object(Cake\Http\ServerRequest), Object(Cake\Http\Response))
#30 /home/lipe/TRABALHO_FINAL/trab_fin_bd/vendor/cakephp/cakephp/src/Http/Runner.php(65): DebugKit\Middleware\DebugKitMiddleware->__invoke(Object(Cake\Http\ServerRequest), Object(Cake\Http\Response), Object(Cake\Http\Runner))
#31 /home/lipe/TRABALHO_FINAL/trab_fin_bd/vendor/cakephp/cakephp/src/Http/Runner.php(51): Cake\Http\Runner->__invoke(Object(Cake\Http\ServerRequest), Object(Cake\Http\Response))
#32 /home/lipe/TRABALHO_FINAL/trab_fin_bd/vendor/cakephp/cakephp/src/Http/Server.php(97): Cake\Http\Runner->run(Object(Cake\Http\MiddlewareQueue), Object(Cake\Http\ServerRequest), Object(Cake\Http\Response))
#33 /home/lipe/TRABALHO_FINAL/trab_fin_bd/webroot/index.php(40): Cake\Http\Server->run()
#34 {main}
Request URL: /manufacturer/delete/3
Referer URL: http://localhost:8765/manufacturer


2022-03-09 14:47:41 Error: [Cake\Datasource\Exception\InvalidPrimaryKeyException] Record not found in table "user" with primary key [NULL] (/home/lipe/TRABALHO_FINAL/trab_fin_bd/vendor/cakephp/cakephp/src/ORM/Table.php:1629)
#0 /home/lipe/TRABALHO_FINAL/trab_fin_bd/src/Controller/UserController.php(50): Cake\ORM\Table->get(Array, Array)
#1 /home/lipe/TRABALHO_FINAL/trab_fin_bd/vendor/cakephp/cakephp/src/Controller/Controller.php(606): App\Controller\UserController->view()
#2 /home/lipe/TRABALHO_FINAL/trab_fin_bd/vendor/cakephp/cakephp/src/Http/ActionDispatcher.php(120): Cake\Controller\Controller->invokeAction()
#3 /home/lipe/TRABALHO_FINAL/trab_fin_bd/vendor/cakephp/cakephp/src/Http/ActionDispatcher.php(94): Cake\Http\ActionDispatcher->_invoke(Object(App\Controller\UserController))
#4 /home/lipe/TRABALHO_FINAL/trab_fin_bd/vendor/cakephp/cakephp/src/Http/BaseApplication.php(256): Cake\Http\ActionDispatcher->dispatch(Object(Cake\Http\ServerRequest), Object(Cake\Http\Response))
#5 /home/lipe/TRABALHO_FINAL/trab_fin_bd/vendor/cakephp/cakephp/src/Http/Runner.php(65): Cake\Http\BaseApplication->__invoke(Object(Cake\Http\ServerRequest), Object(Cake\Http\Response), Object(Cake\Http\Runner))
#6 /home/lipe/TRABALHO_FINAL/trab_fin_bd/vendor/cakephp/cakephp/src/Http/Runner.php(65): Cake\Http\Runner->__invoke(Object(Cake\Http\ServerRequest), Object(Cake\Http\Response), Object(Cake\Http\Runner))
#7 /home/lipe/TRABALHO_FINAL/trab_fin_bd/vendor/cakephp/cakephp/src/Http/Middleware/CsrfProtectionMiddleware.php(126): Cake\Http\Runner->__invoke(Object(Cake\Http\ServerRequest), Object(Cake\Http\Response))
#8 /home/lipe/TRABALHO_FINAL/trab_fin_bd/vendor/cakephp/cakephp/src/Http/Runner.php(65): Cake\Http\Middleware\CsrfProtectionMiddleware->__invoke(Object(Cake\Http\ServerRequest), Object(Cake\Http\Response), Object(Cake\Http\Runner))
#9 /home/lipe/TRABALHO_FINAL/trab_fin_bd/vendor/cakephp/cakephp/src/Http/Runner.php(51): Cake\Http\Runner->__invoke(Object(Cake\Http\ServerRequest), Object(Cake\Http\Response))
#10 /home/lipe/TRABALHO_FINAL/trab_fin_bd/vendor/cakephp/cakephp/src/Routing/Middleware/RoutingMiddleware.php(170): Cake\Http\Runner->run(Object(Cake\Http\MiddlewareQueue), Object(Cake\Http\ServerRequest), Object(Cake\Http\Response))
#11 /home/lipe/TRABALHO_FINAL/trab_fin_bd/vendor/cakephp/cakephp/src/Http/Runner.php(65): Cake\Routing\Middleware\RoutingMiddleware->__invoke(Object(Cake\Http\ServerRequest), Object(Cake\Http\Response), Object(Cake\Http\Runner))
#12 /home/lipe/TRABALHO_FINAL/trab_fin_bd/vendor/cakephp/cakephp/src/Routing/Middleware/AssetMiddleware.php(88): Cake\Http\Runner->__invoke(Object(Cake\Http\ServerRequest), Object(Cake\Http\Response))
#13 /home/lipe/TRABALHO_FINAL/trab_fin_bd/vendor/cakephp/cakephp/src/Http/Runner.php(65): Cake\Routing\Middleware\AssetMiddleware->__invoke(Object(Cake\Http\ServerRequest), Object(Cake\Http\Response), Object(Cake\Http\Runner))
#14 /home/lipe/TRABALHO_FINAL/trab_fin_bd/vendor/cakephp/cakephp/src/Error/Middleware/ErrorHandlerMiddleware.php(100): Cake\Http\Runner->__invoke(Object(Cake\Http\ServerRequest), Object(Cake\Http\Response))
#15 /home/lipe/TRABALHO_FINAL/trab_fin_bd/vendor/cakephp/cakephp/src/Http/Runner.php(65): Cake\Error\Middleware\ErrorHandlerMiddleware->__invoke(Object(Cake\Http\ServerRequest), Object(Cake\Http\Response), Object(Cake\Http\Runner))
#16 /home/lipe/TRABALHO_FINAL/trab_fin_bd/vendor/cakephp/debug_kit/src/Middleware/DebugKitMiddleware.php(53): Cake\Http\Runner->__invoke(Object(Cake\Http\ServerRequest), Object(Cake\Http\Response))
#17 /home/lipe/TRABALHO_FINAL/trab_fin_bd/vendor/cakephp/cakephp/src/Http/Runner.php(65): DebugKit\Middleware\DebugKitMiddleware->__invoke(Object(Cake\Http\ServerRequest), Object(Cake\Http\Response), Object(Cake\Http\Runner))
#18 /home/lipe/TRABALHO_FINAL/trab_fin_bd/vendor/cakephp/cakephp/src/Http/Runner.php(51): Cake\Http\Runner->__invoke(Object(Cake\Http\ServerRequest), Object(Cake\Http\Response))
#19 /home/lipe/TRABALHO_FINAL/trab_fin_bd/vendor/cakephp/cakephp/src/Http/Server.php(97): Cake\Http\Runner->run(Object(Cake\Http\MiddlewareQueue), Object(Cake\Http\ServerRequest), Object(Cake\Http\Response))
#20 /home/lipe/TRABALHO_FINAL/trab_fin_bd/webroot/index.php(40): Cake\Http\Server->run()
#21 {main}
Request URL: /user/view
Referer URL: http://localhost:8765/user/view/4


2022-03-09 14:54:37 Error: [Cake\Datasource\Exception\InvalidPrimaryKeyException] Record not found in table "review" with primary key [NULL] (/home/lipe/TRABALHO_FINAL/trab_fin_bd/vendor/cakephp/cakephp/src/ORM/Table.php:1629)
#0 /home/lipe/TRABALHO_FINAL/trab_fin_bd/src/Controller/ReviewController.php(48): Cake\ORM\Table->get(Array, Array)
#1 /home/lipe/TRABALHO_FINAL/trab_fin_bd/vendor/cakephp/cakephp/src/Controller/Controller.php(606): App\Controller\ReviewController->view()
#2 /home/lipe/TRABALHO_FINAL/trab_fin_bd/vendor/cakephp/cakephp/src/Http/ActionDispatcher.php(120): Cake\Controller\Controller->invokeAction()
#3 /home/lipe/TRABALHO_FINAL/trab_fin_bd/vendor/cakephp/cakephp/src/Http/ActionDispatcher.php(94): Cake\Http\ActionDispatcher->_invoke(Object(App\Controller\ReviewController))
#4 /home/lipe/TRABALHO_FINAL/trab_fin_bd/vendor/cakephp/cakephp/src/Http/BaseApplication.php(256): Cake\Http\ActionDispatcher->dispatch(Object(Cake\Http\ServerRequest), Object(Cake\Http\Response))
#5 /home/lipe/TRABALHO_FINAL/trab_fin_bd/vendor/cakephp/cakephp/src/Http/Runner.php(65): Cake\Http\BaseApplication->__invoke(Object(Cake\Http\ServerRequest), Object(Cake\Http\Response), Object(Cake\Http\Runner))
#6 /home/lipe/TRABALHO_FINAL/trab_fin_bd/vendor/cakephp/cakephp/src/Http/Runner.php(65): Cake\Http\Runner->__invoke(Object(Cake\Http\ServerRequest), Object(Cake\Http\Response), Object(Cake\Http\Runner))
#7 /home/lipe/TRABALHO_FINAL/trab_fin_bd/vendor/cakephp/cakephp/src/Http/Middleware/CsrfProtectionMiddleware.php(126): Cake\Http\Runner->__invoke(Object(Cake\Http\ServerRequest), Object(Cake\Http\Response))
#8 /home/lipe/TRABALHO_FINAL/trab_fin_bd/vendor/cakephp/cakephp/src/Http/Runner.php(65): Cake\Http\Middleware\CsrfProtectionMiddleware->__invoke(Object(Cake\Http\ServerRequest), Object(Cake\Http\Response), Object(Cake\Http\Runner))
#9 /home/lipe/TRABALHO_FINAL/trab_fin_bd/vendor/cakephp/cakephp/src/Http/Runner.php(51): Cake\Http\Runner->__invoke(Object(Cake\Http\ServerRequest), Object(Cake\Http\Response))
#10 /home/lipe/TRABALHO_FINAL/trab_fin_bd/vendor/cakephp/cakephp/src/Routing/Middleware/RoutingMiddleware.php(170): Cake\Http\Runner->run(Object(Cake\Http\MiddlewareQueue), Object(Cake\Http\ServerRequest), Object(Cake\Http\Response))
#11 /home/lipe/TRABALHO_FINAL/trab_fin_bd/vendor/cakephp/cakephp/src/Http/Runner.php(65): Cake\Routing\Middleware\RoutingMiddleware->__invoke(Object(Cake\Http\ServerRequest), Object(Cake\Http\Response), Object(Cake\Http\Runner))
#12 /home/lipe/TRABALHO_FINAL/trab_fin_bd/vendor/cakephp/cakephp/src/Routing/Middleware/AssetMiddleware.php(88): Cake\Http\Runner->__invoke(Object(Cake\Http\ServerRequest), Object(Cake\Http\Response))
#13 /home/lipe/TRABALHO_FINAL/trab_fin_bd/vendor/cakephp/cakephp/src/Http/Runner.php(65): Cake\Routing\Middleware\AssetMiddleware->__invoke(Object(Cake\Http\ServerRequest), Object(Cake\Http\Response), Object(Cake\Http\Runner))
#14 /home/lipe/TRABALHO_FINAL/trab_fin_bd/vendor/cakephp/cakephp/src/Error/Middleware/ErrorHandlerMiddleware.php(100): Cake\Http\Runner->__invoke(Object(Cake\Http\ServerRequest), Object(Cake\Http\Response))
#15 /home/lipe/TRABALHO_FINAL/trab_fin_bd/vendor/cakephp/cakephp/src/Http/Runner.php(65): Cake\Error\Middleware\ErrorHandlerMiddleware->__invoke(Object(Cake\Http\ServerRequest), Object(Cake\Http\Response), Object(Cake\Http\Runner))
#16 /home/lipe/TRABALHO_FINAL/trab_fin_bd/vendor/cakephp/debug_kit/src/Middleware/DebugKitMiddleware.php(53): Cake\Http\Runner->__invoke(Object(Cake\Http\ServerRequest), Object(Cake\Http\Response))
#17 /home/lipe/TRABALHO_FINAL/trab_fin_bd/vendor/cakephp/cakephp/src/Http/Runner.php(65): DebugKit\Middleware\DebugKitMiddleware->__invoke(Object(Cake\Http\ServerRequest), Object(Cake\Http\Response), Object(Cake\Http\Runner))
#18 /home/lipe/TRABALHO_FINAL/trab_fin_bd/vendor/cakephp/cakephp/src/Http/Runner.php(51): Cake\Http\Runner->__invoke(Object(Cake\Http\ServerRequest), Object(Cake\Http\Response))
#19 /home/lipe/TRABALHO_FINAL/trab_fin_bd/vendor/cakephp/cakephp/src/Http/Server.php(97): Cake\Http\Runner->run(Object(Cake\Http\MiddlewareQueue), Object(Cake\Http\ServerRequest), Object(Cake\Http\Response))
#20 /home/lipe/TRABALHO_FINAL/trab_fin_bd/webroot/index.php(40): Cake\Http\Server->run()
#21 {main}
Request URL: /review/view
Referer URL: http://localhost:8765/review


2022-03-09 14:54:41 Error: [Cake\Datasource\Exception\InvalidPrimaryKeyException] Record not found in table "review" with primary key [NULL] (/home/lipe/TRABALHO_FINAL/trab_fin_bd/vendor/cakephp/cakephp/src/ORM/Table.php:1629)
#0 /home/lipe/TRABALHO_FINAL/trab_fin_bd/src/Controller/ReviewController.php(48): Cake\ORM\Table->get(Array, Array)
#1 /home/lipe/TRABALHO_FINAL/trab_fin_bd/vendor/cakephp/cakephp/src/Controller/Controller.php(606): App\Controller\ReviewController->view()
#2 /home/lipe/TRABALHO_FINAL/trab_fin_bd/vendor/cakephp/cakephp/src/Http/ActionDispatcher.php(120): Cake\Controller\Controller->invokeAction()
#3 /home/lipe/TRABALHO_FINAL/trab_fin_bd/vendor/cakephp/cakephp/src/Http/ActionDispatcher.php(94): Cake\Http\ActionDispatcher->_invoke(Object(App\Controller\ReviewController))
#4 /home/lipe/TRABALHO_FINAL/trab_fin_bd/vendor/cakephp/cakephp/src/Http/BaseApplication.php(256): Cake\Http\ActionDispatcher->dispatch(Object(Cake\Http\ServerRequest), Object(Cake\Http\Response))
#5 /home/lipe/TRABALHO_FINAL/trab_fin_bd/vendor/cakephp/cakephp/src/Http/Runner.php(65): Cake\Http\BaseApplication->__invoke(Object(Cake\Http\ServerRequest), Object(Cake\Http\Response), Object(Cake\Http\Runner))
#6 /home/lipe/TRABALHO_FINAL/trab_fin_bd/vendor/cakephp/cakephp/src/Http/Runner.php(65): Cake\Http\Runner->__invoke(Object(Cake\Http\ServerRequest), Object(Cake\Http\Response), Object(Cake\Http\Runner))
#7 /home/lipe/TRABALHO_FINAL/trab_fin_bd/vendor/cakephp/cakephp/src/Http/Middleware/CsrfProtectionMiddleware.php(126): Cake\Http\Runner->__invoke(Object(Cake\Http\ServerRequest), Object(Cake\Http\Response))
#8 /home/lipe/TRABALHO_FINAL/trab_fin_bd/vendor/cakephp/cakephp/src/Http/Runner.php(65): Cake\Http\Middleware\CsrfProtectionMiddleware->__invoke(Object(Cake\Http\ServerRequest), Object(Cake\Http\Response), Object(Cake\Http\Runner))
#9 /home/lipe/TRABALHO_FINAL/trab_fin_bd/vendor/cakephp/cakephp/src/Http/Runner.php(51): Cake\Http\Runner->__invoke(Object(Cake\Http\ServerRequest), Object(Cake\Http\Response))
#10 /home/lipe/TRABALHO_FINAL/trab_fin_bd/vendor/cakephp/cakephp/src/Routing/Middleware/RoutingMiddleware.php(170): Cake\Http\Runner->run(Object(Cake\Http\MiddlewareQueue), Object(Cake\Http\ServerRequest), Object(Cake\Http\Response))
#11 /home/lipe/TRABALHO_FINAL/trab_fin_bd/vendor/cakephp/cakephp/src/Http/Runner.php(65): Cake\Routing\Middleware\RoutingMiddleware->__invoke(Object(Cake\Http\ServerRequest), Object(Cake\Http\Response), Object(Cake\Http\Runner))
#12 /home/lipe/TRABALHO_FINAL/trab_fin_bd/vendor/cakephp/cakephp/src/Routing/Middleware/AssetMiddleware.php(88): Cake\Http\Runner->__invoke(Object(Cake\Http\ServerRequest), Object(Cake\Http\Response))
#13 /home/lipe/TRABALHO_FINAL/trab_fin_bd/vendor/cakephp/cakephp/src/Http/Runner.php(65): Cake\Routing\Middleware\AssetMiddleware->__invoke(Object(Cake\Http\ServerRequest), Object(Cake\Http\Response), Object(Cake\Http\Runner))
#14 /home/lipe/TRABALHO_FINAL/trab_fin_bd/vendor/cakephp/cakephp/src/Error/Middleware/ErrorHandlerMiddleware.php(100): Cake\Http\Runner->__invoke(Object(Cake\Http\ServerRequest), Object(Cake\Http\Response))
#15 /home/lipe/TRABALHO_FINAL/trab_fin_bd/vendor/cakephp/cakephp/src/Http/Runner.php(65): Cake\Error\Middleware\ErrorHandlerMiddleware->__invoke(Object(Cake\Http\ServerRequest), Object(Cake\Http\Response), Object(Cake\Http\Runner))
#16 /home/lipe/TRABALHO_FINAL/trab_fin_bd/vendor/cakephp/debug_kit/src/Middleware/DebugKitMiddleware.php(53): Cake\Http\Runner->__invoke(Object(Cake\Http\ServerRequest), Object(Cake\Http\Response))
#17 /home/lipe/TRABALHO_FINAL/trab_fin_bd/vendor/cakephp/cakephp/src/Http/Runner.php(65): DebugKit\Middleware\DebugKitMiddleware->__invoke(Object(Cake\Http\ServerRequest), Object(Cake\Http\Response), Object(Cake\Http\Runner))
#18 /home/lipe/TRABALHO_FINAL/trab_fin_bd/vendor/cakephp/cakephp/src/Http/Runner.php(51): Cake\Http\Runner->__invoke(Object(Cake\Http\ServerRequest), Object(Cake\Http\Response))
#19 /home/lipe/TRABALHO_FINAL/trab_fin_bd/vendor/cakephp/cakephp/src/Http/Server.php(97): Cake\Http\Runner->run(Object(Cake\Http\MiddlewareQueue), Object(Cake\Http\ServerRequest), Object(Cake\Http\Response))
#20 /home/lipe/TRABALHO_FINAL/trab_fin_bd/webroot/index.php(40): Cake\Http\Server->run()
#21 {main}
Request URL: /review/view
Referer URL: http://localhost:8765/review


2022-03-09 15:10:47 Error: [PDOException] SQLSTATE[23000]: Integrity constraint violation: 1451 Cannot delete or update a parent row: a foreign key constraint fails (`cake_cms`.`product`, CONSTRAINT `FK_Product_4` FOREIGN KEY (`fk_Manufacturer_Id`) REFERENCES `manufacturer` (`id`)) (/home/lipe/TRABALHO_FINAL/trab_fin_bd/vendor/cakephp/cakephp/src/Database/Statement/MysqlStatement.php:37)
#0 /home/lipe/TRABALHO_FINAL/trab_fin_bd/vendor/cakephp/cakephp/src/Database/Statement/MysqlStatement.php(37): PDOStatement->execute(NULL)
#1 /home/lipe/TRABALHO_FINAL/trab_fin_bd/vendor/cakephp/cakephp/src/Database/Statement/StatementDecorator.php(173): Cake\Database\Statement\MysqlStatement->execute(NULL)
#2 /home/lipe/TRABALHO_FINAL/trab_fin_bd/vendor/cakephp/cakephp/src/Database/Log/LoggingStatement.php(55): Cake\Database\Statement\StatementDecorator->execute(NULL)
#3 /home/lipe/TRABALHO_FINAL/trab_fin_bd/vendor/cakephp/cakephp/src/Database/Connection.php(342): Cake\Database\Log\LoggingStatement->execute()
#4 /home/lipe/TRABALHO_FINAL/trab_fin_bd/vendor/cakephp/cakephp/src/Core/Retry/CommandRetry.php(67): Cake\Database\Connection->Cake\Database\{closure}()
#5 /home/lipe/TRABALHO_FINAL/trab_fin_bd/vendor/cakephp/cakephp/src/Database/Connection.php(345): Cake\Core\Retry\CommandRetry->run(Object(Closure))
#6 /home/lipe/TRABALHO_FINAL/trab_fin_bd/vendor/cakephp/cakephp/src/Database/Query.php(218): Cake\Database\Connection->run(Object(Cake\ORM\Query))
#7 /home/lipe/TRABALHO_FINAL/trab_fin_bd/vendor/cakephp/cakephp/src/ORM/Table.php(2538): Cake\Database\Query->execute()
#8 /home/lipe/TRABALHO_FINAL/trab_fin_bd/vendor/cakephp/cakephp/src/ORM/Table.php(2374): Cake\ORM\Table->_processDelete(Object(App\Model\Entity\Manufacturer), Object(ArrayObject))
#9 /home/lipe/TRABALHO_FINAL/trab_fin_bd/vendor/cakephp/cakephp/src/ORM/Table.php(1670): Cake\ORM\Table->Cake\ORM\{closure}()
#10 /home/lipe/TRABALHO_FINAL/trab_fin_bd/vendor/cakephp/cakephp/src/Database/Connection.php(741): Cake\ORM\Table->Cake\ORM\{closure}(Object(Cake\Database\Connection))
#11 /home/lipe/TRABALHO_FINAL/trab_fin_bd/vendor/cakephp/cakephp/src/ORM/Table.php(1671): Cake\Database\Connection->transactional(Object(Closure))
#12 /home/lipe/TRABALHO_FINAL/trab_fin_bd/vendor/cakephp/cakephp/src/ORM/Table.php(2375): Cake\ORM\Table->_executeTransaction(Object(Closure), true)
#13 /home/lipe/TRABALHO_FINAL/trab_fin_bd/src/Controller/ManufacturerController.php(120): Cake\ORM\Table->delete(Object(App\Model\Entity\Manufacturer))
#14 /home/lipe/TRABALHO_FINAL/trab_fin_bd/vendor/cakephp/cakephp/src/Controller/Controller.php(606): App\Controller\ManufacturerController->delete('1')
#15 /home/lipe/TRABALHO_FINAL/trab_fin_bd/vendor/cakephp/cakephp/src/Http/ActionDispatcher.php(120): Cake\Controller\Controller->invokeAction()
#16 /home/lipe/TRABALHO_FINAL/trab_fin_bd/vendor/cakephp/cakephp/src/Http/ActionDispatcher.php(94): Cake\Http\ActionDispatcher->_invoke(Object(App\Controller\ManufacturerController))
#17 /home/lipe/TRABALHO_FINAL/trab_fin_bd/vendor/cakephp/cakephp/src/Http/BaseApplication.php(256): Cake\Http\ActionDispatcher->dispatch(Object(Cake\Http\ServerRequest), Object(Cake\Http\Response))
#18 /home/lipe/TRABALHO_FINAL/trab_fin_bd/vendor/cakephp/cakephp/src/Http/Runner.php(65): Cake\Http\BaseApplication->__invoke(Object(Cake\Http\ServerRequest), Object(Cake\Http\Response), Object(Cake\Http\Runner))
#19 /home/lipe/TRABALHO_FINAL/trab_fin_bd/vendor/cakephp/cakephp/src/Http/Runner.php(65): Cake\Http\Runner->__invoke(Object(Cake\Http\ServerRequest), Object(Cake\Http\Response), Object(Cake\Http\Runner))
#20 /home/lipe/TRABALHO_FINAL/trab_fin_bd/vendor/cakephp/cakephp/src/Http/Middleware/CsrfProtectionMiddleware.php(126): Cake\Http\Runner->__invoke(Object(Cake\Http\ServerRequest), Object(Cake\Http\Response))
#21 /home/lipe/TRABALHO_FINAL/trab_fin_bd/vendor/cakephp/cakephp/src/Http/Runner.php(65): Cake\Http\Middleware\CsrfProtectionMiddleware->__invoke(Object(Cake\Http\ServerRequest), Object(Cake\Http\Response), Object(Cake\Http\Runner))
#22 /home/lipe/TRABALHO_FINAL/trab_fin_bd/vendor/cakephp/cakephp/src/Http/Runner.php(51): Cake\Http\Runner->__invoke(Object(Cake\Http\ServerRequest), Object(Cake\Http\Response))
#23 /home/lipe/TRABALHO_FINAL/trab_fin_bd/vendor/cakephp/cakephp/src/Routing/Middleware/RoutingMiddleware.php(170): Cake\Http\Runner->run(Object(Cake\Http\MiddlewareQueue), Object(Cake\Http\ServerRequest), Object(Cake\Http\Response))
#24 /home/lipe/TRABALHO_FINAL/trab_fin_bd/vendor/cakephp/cakephp/src/Http/Runner.php(65): Cake\Routing\Middleware\RoutingMiddleware->__invoke(Object(Cake\Http\ServerRequest), Object(Cake\Http\Response), Object(Cake\Http\Runner))
#25 /home/lipe/TRABALHO_FINAL/trab_fin_bd/vendor/cakephp/cakephp/src/Routing/Middleware/AssetMiddleware.php(88): Cake\Http\Runner->__invoke(Object(Cake\Http\ServerRequest), Object(Cake\Http\Response))
#26 /home/lipe/TRABALHO_FINAL/trab_fin_bd/vendor/cakephp/cakephp/src/Http/Runner.php(65): Cake\Routing\Middleware\AssetMiddleware->__invoke(Object(Cake\Http\ServerRequest), Object(Cake\Http\Response), Object(Cake\Http\Runner))
#27 /home/lipe/TRABALHO_FINAL/trab_fin_bd/vendor/cakephp/cakephp/src/Error/Middleware/ErrorHandlerMiddleware.php(100): Cake\Http\Runner->__invoke(Object(Cake\Http\ServerRequest), Object(Cake\Http\Response))
#28 /home/lipe/TRABALHO_FINAL/trab_fin_bd/vendor/cakephp/cakephp/src/Http/Runner.php(65): Cake\Error\Middleware\ErrorHandlerMiddleware->__invoke(Object(Cake\Http\ServerRequest), Object(Cake\Http\Response), Object(Cake\Http\Runner))
#29 /home/lipe/TRABALHO_FINAL/trab_fin_bd/vendor/cakephp/debug_kit/src/Middleware/DebugKitMiddleware.php(53): Cake\Http\Runner->__invoke(Object(Cake\Http\ServerRequest), Object(Cake\Http\Response))
#30 /home/lipe/TRABALHO_FINAL/trab_fin_bd/vendor/cakephp/cakephp/src/Http/Runner.php(65): DebugKit\Middleware\DebugKitMiddleware->__invoke(Object(Cake\Http\ServerRequest), Object(Cake\Http\Response), Object(Cake\Http\Runner))
#31 /home/lipe/TRABALHO_FINAL/trab_fin_bd/vendor/cakephp/cakephp/src/Http/Runner.php(51): Cake\Http\Runner->__invoke(Object(Cake\Http\ServerRequest), Object(Cake\Http\Response))
#32 /home/lipe/TRABALHO_FINAL/trab_fin_bd/vendor/cakephp/cakephp/src/Http/Server.php(97): Cake\Http\Runner->run(Object(Cake\Http\MiddlewareQueue), Object(Cake\Http\ServerRequest), Object(Cake\Http\Response))
#33 /home/lipe/TRABALHO_FINAL/trab_fin_bd/webroot/index.php(40): Cake\Http\Server->run()
#34 {main}
Request URL: /manufacturer/delete/1
Referer URL: http://localhost:8765/manufacturer/edit/1


2022-03-09 15:10:55 Error: [PDOException] SQLSTATE[23000]: Integrity constraint violation: 1451 Cannot delete or update a parent row: a foreign key constraint fails (`cake_cms`.`product`, CONSTRAINT `FK_Product_4` FOREIGN KEY (`fk_Manufacturer_Id`) REFERENCES `manufacturer` (`id`)) (/home/lipe/TRABALHO_FINAL/trab_fin_bd/vendor/cakephp/cakephp/src/Database/Statement/MysqlStatement.php:37)
#0 /home/lipe/TRABALHO_FINAL/trab_fin_bd/vendor/cakephp/cakephp/src/Database/Statement/MysqlStatement.php(37): PDOStatement->execute(NULL)
#1 /home/lipe/TRABALHO_FINAL/trab_fin_bd/vendor/cakephp/cakephp/src/Database/Statement/StatementDecorator.php(173): Cake\Database\Statement\MysqlStatement->execute(NULL)
#2 /home/lipe/TRABALHO_FINAL/trab_fin_bd/vendor/cakephp/cakephp/src/Database/Log/LoggingStatement.php(55): Cake\Database\Statement\StatementDecorator->execute(NULL)
#3 /home/lipe/TRABALHO_FINAL/trab_fin_bd/vendor/cakephp/cakephp/src/Database/Connection.php(342): Cake\Database\Log\LoggingStatement->execute()
#4 /home/lipe/TRABALHO_FINAL/trab_fin_bd/vendor/cakephp/cakephp/src/Core/Retry/CommandRetry.php(67): Cake\Database\Connection->Cake\Database\{closure}()
#5 /home/lipe/TRABALHO_FINAL/trab_fin_bd/vendor/cakephp/cakephp/src/Database/Connection.php(345): Cake\Core\Retry\CommandRetry->run(Object(Closure))
#6 /home/lipe/TRABALHO_FINAL/trab_fin_bd/vendor/cakephp/cakephp/src/Database/Query.php(218): Cake\Database\Connection->run(Object(Cake\ORM\Query))
#7 /home/lipe/TRABALHO_FINAL/trab_fin_bd/vendor/cakephp/cakephp/src/ORM/Table.php(2538): Cake\Database\Query->execute()
#8 /home/lipe/TRABALHO_FINAL/trab_fin_bd/vendor/cakephp/cakephp/src/ORM/Table.php(2374): Cake\ORM\Table->_processDelete(Object(App\Model\Entity\Manufacturer), Object(ArrayObject))
#9 /home/lipe/TRABALHO_FINAL/trab_fin_bd/vendor/cakephp/cakephp/src/ORM/Table.php(1670): Cake\ORM\Table->Cake\ORM\{closure}()
#10 /home/lipe/TRABALHO_FINAL/trab_fin_bd/vendor/cakephp/cakephp/src/Database/Connection.php(741): Cake\ORM\Table->Cake\ORM\{closure}(Object(Cake\Database\Connection))
#11 /home/lipe/TRABALHO_FINAL/trab_fin_bd/vendor/cakephp/cakephp/src/ORM/Table.php(1671): Cake\Database\Connection->transactional(Object(Closure))
#12 /home/lipe/TRABALHO_FINAL/trab_fin_bd/vendor/cakephp/cakephp/src/ORM/Table.php(2375): Cake\ORM\Table->_executeTransaction(Object(Closure), true)
#13 /home/lipe/TRABALHO_FINAL/trab_fin_bd/src/Controller/ManufacturerController.php(120): Cake\ORM\Table->delete(Object(App\Model\Entity\Manufacturer))
#14 /home/lipe/TRABALHO_FINAL/trab_fin_bd/vendor/cakephp/cakephp/src/Controller/Controller.php(606): App\Controller\ManufacturerController->delete('1')
#15 /home/lipe/TRABALHO_FINAL/trab_fin_bd/vendor/cakephp/cakephp/src/Http/ActionDispatcher.php(120): Cake\Controller\Controller->invokeAction()
#16 /home/lipe/TRABALHO_FINAL/trab_fin_bd/vendor/cakephp/cakephp/src/Http/ActionDispatcher.php(94): Cake\Http\ActionDispatcher->_invoke(Object(App\Controller\ManufacturerController))
#17 /home/lipe/TRABALHO_FINAL/trab_fin_bd/vendor/cakephp/cakephp/src/Http/BaseApplication.php(256): Cake\Http\ActionDispatcher->dispatch(Object(Cake\Http\ServerRequest), Object(Cake\Http\Response))
#18 /home/lipe/TRABALHO_FINAL/trab_fin_bd/vendor/cakephp/cakephp/src/Http/Runner.php(65): Cake\Http\BaseApplication->__invoke(Object(Cake\Http\ServerRequest), Object(Cake\Http\Response), Object(Cake\Http\Runner))
#19 /home/lipe/TRABALHO_FINAL/trab_fin_bd/vendor/cakephp/cakephp/src/Http/Runner.php(65): Cake\Http\Runner->__invoke(Object(Cake\Http\ServerRequest), Object(Cake\Http\Response), Object(Cake\Http\Runner))
#20 /home/lipe/TRABALHO_FINAL/trab_fin_bd/vendor/cakephp/cakephp/src/Http/Middleware/CsrfProtectionMiddleware.php(126): Cake\Http\Runner->__invoke(Object(Cake\Http\ServerRequest), Object(Cake\Http\Response))
#21 /home/lipe/TRABALHO_FINAL/trab_fin_bd/vendor/cakephp/cakephp/src/Http/Runner.php(65): Cake\Http\Middleware\CsrfProtectionMiddleware->__invoke(Object(Cake\Http\ServerRequest), Object(Cake\Http\Response), Object(Cake\Http\Runner))
#22 /home/lipe/TRABALHO_FINAL/trab_fin_bd/vendor/cakephp/cakephp/src/Http/Runner.php(51): Cake\Http\Runner->__invoke(Object(Cake\Http\ServerRequest), Object(Cake\Http\Response))
#23 /home/lipe/TRABALHO_FINAL/trab_fin_bd/vendor/cakephp/cakephp/src/Routing/Middleware/RoutingMiddleware.php(170): Cake\Http\Runner->run(Object(Cake\Http\MiddlewareQueue), Object(Cake\Http\ServerRequest), Object(Cake\Http\Response))
#24 /home/lipe/TRABALHO_FINAL/trab_fin_bd/vendor/cakephp/cakephp/src/Http/Runner.php(65): Cake\Routing\Middleware\RoutingMiddleware->__invoke(Object(Cake\Http\ServerRequest), Object(Cake\Http\Response), Object(Cake\Http\Runner))
#25 /home/lipe/TRABALHO_FINAL/trab_fin_bd/vendor/cakephp/cakephp/src/Routing/Middleware/AssetMiddleware.php(88): Cake\Http\Runner->__invoke(Object(Cake\Http\ServerRequest), Object(Cake\Http\Response))
#26 /home/lipe/TRABALHO_FINAL/trab_fin_bd/vendor/cakephp/cakephp/src/Http/Runner.php(65): Cake\Routing\Middleware\AssetMiddleware->__invoke(Object(Cake\Http\ServerRequest), Object(Cake\Http\Response), Object(Cake\Http\Runner))
#27 /home/lipe/TRABALHO_FINAL/trab_fin_bd/vendor/cakephp/cakephp/src/Error/Middleware/ErrorHandlerMiddleware.php(100): Cake\Http\Runner->__invoke(Object(Cake\Http\ServerRequest), Object(Cake\Http\Response))
#28 /home/lipe/TRABALHO_FINAL/trab_fin_bd/vendor/cakephp/cakephp/src/Http/Runner.php(65): Cake\Error\Middleware\ErrorHandlerMiddleware->__invoke(Object(Cake\Http\ServerRequest), Object(Cake\Http\Response), Object(Cake\Http\Runner))
#29 /home/lipe/TRABALHO_FINAL/trab_fin_bd/vendor/cakephp/debug_kit/src/Middleware/DebugKitMiddleware.php(53): Cake\Http\Runner->__invoke(Object(Cake\Http\ServerRequest), Object(Cake\Http\Response))
#30 /home/lipe/TRABALHO_FINAL/trab_fin_bd/vendor/cakephp/cakephp/src/Http/Runner.php(65): DebugKit\Middleware\DebugKitMiddleware->__invoke(Object(Cake\Http\ServerRequest), Object(Cake\Http\Response), Object(Cake\Http\Runner))
#31 /home/lipe/TRABALHO_FINAL/trab_fin_bd/vendor/cakephp/cakephp/src/Http/Runner.php(51): Cake\Http\Runner->__invoke(Object(Cake\Http\ServerRequest), Object(Cake\Http\Response))
#32 /home/lipe/TRABALHO_FINAL/trab_fin_bd/vendor/cakephp/cakephp/src/Http/Server.php(97): Cake\Http\Runner->run(Object(Cake\Http\MiddlewareQueue), Object(Cake\Http\ServerRequest), Object(Cake\Http\Response))
#33 /home/lipe/TRABALHO_FINAL/trab_fin_bd/webroot/index.php(40): Cake\Http\Server->run()
#34 {main}
Request URL: /manufacturer/delete/1
Referer URL: http://localhost:8765/manufacturer


2022-03-09 15:12:45 Error: [PDOException] SQLSTATE[42S22]: Column not found: 1054 Unknown column 'ProductCategorie.product_id' in 'where clause' (/home/lipe/TRABALHO_FINAL/trab_fin_bd/vendor/cakephp/cakephp/src/Database/Statement/MysqlStatement.php:37)
#0 /home/lipe/TRABALHO_FINAL/trab_fin_bd/vendor/cakephp/cakephp/src/Database/Statement/MysqlStatement.php(37): PDOStatement->execute(NULL)
#1 /home/lipe/TRABALHO_FINAL/trab_fin_bd/vendor/cakephp/cakephp/src/Database/Statement/StatementDecorator.php(173): Cake\Database\Statement\MysqlStatement->execute(NULL)
#2 /home/lipe/TRABALHO_FINAL/trab_fin_bd/vendor/cakephp/cakephp/src/Database/Log/LoggingStatement.php(55): Cake\Database\Statement\StatementDecorator->execute(NULL)
#3 /home/lipe/TRABALHO_FINAL/trab_fin_bd/vendor/cakephp/cakephp/src/Database/Connection.php(342): Cake\Database\Log\LoggingStatement->execute()
#4 /home/lipe/TRABALHO_FINAL/trab_fin_bd/vendor/cakephp/cakephp/src/Core/Retry/CommandRetry.php(67): Cake\Database\Connection->Cake\Database\{closure}()
#5 /home/lipe/TRABALHO_FINAL/trab_fin_bd/vendor/cakephp/cakephp/src/Database/Connection.php(345): Cake\Core\Retry\CommandRetry->run(Object(Closure))
#6 /home/lipe/TRABALHO_FINAL/trab_fin_bd/vendor/cakephp/cakephp/src/Database/Query.php(218): Cake\Database\Connection->run(Object(Cake\ORM\Query))
#7 /home/lipe/TRABALHO_FINAL/trab_fin_bd/vendor/cakephp/cakephp/src/ORM/Query.php(1155): Cake\Database\Query->execute()
#8 /home/lipe/TRABALHO_FINAL/trab_fin_bd/vendor/cakephp/cakephp/src/Datasource/QueryTrait.php(310): Cake\ORM\Query->_execute()
#9 /home/lipe/TRABALHO_FINAL/trab_fin_bd/vendor/cakephp/cakephp/src/ORM/Query.php(1099): Cake\ORM\Query->_all()
#10 /home/lipe/TRABALHO_FINAL/trab_fin_bd/vendor/cakephp/cakephp/src/Datasource/QueryTrait.php(150): Cake\ORM\Query->all()
#11 /home/lipe/TRABALHO_FINAL/trab_fin_bd/vendor/cakephp/cakephp/src/ORM/Association/BelongsToMany.php(1291): Cake\ORM\Query->getIterator()
#12 /home/lipe/TRABALHO_FINAL/trab_fin_bd/vendor/cakephp/cakephp/src/ORM/Association/BelongsToMany.php(1238): Cake\ORM\Association\BelongsToMany->_diffLinks(Object(Cake\ORM\Query), Array, Array, Array)
#13 /home/lipe/TRABALHO_FINAL/trab_fin_bd/vendor/cakephp/cakephp/src/Database/Connection.php(741): Cake\ORM\Association\BelongsToMany->Cake\ORM\Association\{closure}(Object(Cake\Database\Connection))
#14 /home/lipe/TRABALHO_FINAL/trab_fin_bd/vendor/cakephp/cakephp/src/ORM/Association/BelongsToMany.php(1259): Cake\Database\Connection->transactional(Object(Closure))
#15 /home/lipe/TRABALHO_FINAL/trab_fin_bd/vendor/cakephp/cakephp/src/ORM/Association/BelongsToMany.php(744): Cake\ORM\Association\BelongsToMany->replaceLinks(Object(App\Model\Entity\Product), Array, Array)
#16 /home/lipe/TRABALHO_FINAL/trab_fin_bd/vendor/cakephp/cakephp/src/ORM/AssociationCollection.php(320): Cake\ORM\Association\BelongsToMany->saveAssociated(Object(App\Model\Entity\Product), Array)
#17 /home/lipe/TRABALHO_FINAL/trab_fin_bd/vendor/cakephp/cakephp/src/ORM/AssociationCollection.php(294): Cake\ORM\AssociationCollection->_save(Object(Cake\ORM\Association\BelongsToMany), Object(App\Model\Entity\Product), Array, Array)
#18 /home/lipe/TRABALHO_FINAL/trab_fin_bd/vendor/cakephp/cakephp/src/ORM/AssociationCollection.php(259): Cake\ORM\AssociationCollection->_saveAssociations(Object(App\Model\Table\ProductTable), Object(App\Model\Entity\Product), Array, Array, true)
#19 /home/lipe/TRABALHO_FINAL/trab_fin_bd/vendor/cakephp/cakephp/src/ORM/Table.php(2085): Cake\ORM\AssociationCollection->saveChildren(Object(App\Model\Table\ProductTable), Object(App\Model\Entity\Product), Array, Array)
#20 /home/lipe/TRABALHO_FINAL/trab_fin_bd/vendor/cakephp/cakephp/src/ORM/Table.php(2058): Cake\ORM\Table->_onSaveSuccess(Object(App\Model\Entity\Product), Object(ArrayObject))
#21 /home/lipe/TRABALHO_FINAL/trab_fin_bd/vendor/cakephp/cakephp/src/ORM/Table.php(1965): Cake\ORM\Table->_processSave(Object(App\Model\Entity\Product), Object(ArrayObject))
#22 /home/lipe/TRABALHO_FINAL/trab_fin_bd/vendor/cakephp/cakephp/src/ORM/Table.php(1670): Cake\ORM\Table->Cake\ORM\{closure}()
#23 /home/lipe/TRABALHO_FINAL/trab_fin_bd/vendor/cakephp/cakephp/src/Database/Connection.php(741): Cake\ORM\Table->Cake\ORM\{closure}(Object(Cake\Database\Connection))
#24 /home/lipe/TRABALHO_FINAL/trab_fin_bd/vendor/cakephp/cakephp/src/ORM/Table.php(1671): Cake\Database\Connection->transactional(Object(Closure))
#25 /home/lipe/TRABALHO_FINAL/trab_fin_bd/vendor/cakephp/cakephp/src/ORM/Table.php(1966): Cake\ORM\Table->_executeTransaction(Object(Closure), true)
#26 /home/lipe/TRABALHO_FINAL/trab_fin_bd/src/Controller/ProductController.php(121): Cake\ORM\Table->save(Object(App\Model\Entity\Product))
#27 /home/lipe/TRABALHO_FINAL/trab_fin_bd/vendor/cakephp/cakephp/src/Controller/Controller.php(606): App\Controller\ProductController->edit('1')
#28 /home/lipe/TRABALHO_FINAL/trab_fin_bd/vendor/cakephp/cakephp/src/Http/ActionDispatcher.php(120): Cake\Controller\Controller->invokeAction()
#29 /home/lipe/TRABALHO_FINAL/trab_fin_bd/vendor/cakephp/cakephp/src/Http/ActionDispatcher.php(94): Cake\Http\ActionDispatcher->_invoke(Object(App\Controller\ProductController))
#30 /home/lipe/TRABALHO_FINAL/trab_fin_bd/vendor/cakephp/cakephp/src/Http/BaseApplication.php(256): Cake\Http\ActionDispatcher->dispatch(Object(Cake\Http\ServerRequest), Object(Cake\Http\Response))
#31 /home/lipe/TRABALHO_FINAL/trab_fin_bd/vendor/cakephp/cakephp/src/Http/Runner.php(65): Cake\Http\BaseApplication->__invoke(Object(Cake\Http\ServerRequest), Object(Cake\Http\Response), Object(Cake\Http\Runner))
#32 /home/lipe/TRABALHO_FINAL/trab_fin_bd/vendor/cakephp/cakephp/src/Http/Runner.php(65): Cake\Http\Runner->__invoke(Object(Cake\Http\ServerRequest), Object(Cake\Http\Response), Object(Cake\Http\Runner))
#33 /home/lipe/TRABALHO_FINAL/trab_fin_bd/vendor/cakephp/cakephp/src/Http/Middleware/CsrfProtectionMiddleware.php(126): Cake\Http\Runner->__invoke(Object(Cake\Http\ServerRequest), Object(Cake\Http\Response))
#34 /home/lipe/TRABALHO_FINAL/trab_fin_bd/vendor/cakephp/cakephp/src/Http/Runner.php(65): Cake\Http\Middleware\CsrfProtectionMiddleware->__invoke(Object(Cake\Http\ServerRequest), Object(Cake\Http\Response), Object(Cake\Http\Runner))
#35 /home/lipe/TRABALHO_FINAL/trab_fin_bd/vendor/cakephp/cakephp/src/Http/Runner.php(51): Cake\Http\Runner->__invoke(Object(Cake\Http\ServerRequest), Object(Cake\Http\Response))
#36 /home/lipe/TRABALHO_FINAL/trab_fin_bd/vendor/cakephp/cakephp/src/Routing/Middleware/RoutingMiddleware.php(170): Cake\Http\Runner->run(Object(Cake\Http\MiddlewareQueue), Object(Cake\Http\ServerRequest), Object(Cake\Http\Response))
#37 /home/lipe/TRABALHO_FINAL/trab_fin_bd/vendor/cakephp/cakephp/src/Http/Runner.php(65): Cake\Routing\Middleware\RoutingMiddleware->__invoke(Object(Cake\Http\ServerRequest), Object(Cake\Http\Response), Object(Cake\Http\Runner))
#38 /home/lipe/TRABALHO_FINAL/trab_fin_bd/vendor/cakephp/cakephp/src/Routing/Middleware/AssetMiddleware.php(88): Cake\Http\Runner->__invoke(Object(Cake\Http\ServerRequest), Object(Cake\Http\Response))
#39 /home/lipe/TRABALHO_FINAL/trab_fin_bd/vendor/cakephp/cakephp/src/Http/Runner.php(65): Cake\Routing\Middleware\AssetMiddleware->__invoke(Object(Cake\Http\ServerRequest), Object(Cake\Http\Response), Object(Cake\Http\Runner))
#40 /home/lipe/TRABALHO_FINAL/trab_fin_bd/vendor/cakephp/cakephp/src/Error/Middleware/ErrorHandlerMiddleware.php(100): Cake\Http\Runner->__invoke(Object(Cake\Http\ServerRequest), Object(Cake\Http\Response))
#41 /home/lipe/TRABALHO_FINAL/trab_fin_bd/vendor/cakephp/cakephp/src/Http/Runner.php(65): Cake\Error\Middleware\ErrorHandlerMiddleware->__invoke(Object(Cake\Http\ServerRequest), Object(Cake\Http\Response), Object(Cake\Http\Runner))
#42 /home/lipe/TRABALHO_FINAL/trab_fin_bd/vendor/cakephp/debug_kit/src/Middleware/DebugKitMiddleware.php(53): Cake\Http\Runner->__invoke(Object(Cake\Http\ServerRequest), Object(Cake\Http\Response))
#43 /home/lipe/TRABALHO_FINAL/trab_fin_bd/vendor/cakephp/cakephp/src/Http/Runner.php(65): DebugKit\Middleware\DebugKitMiddleware->__invoke(Object(Cake\Http\ServerRequest), Object(Cake\Http\Response), Object(Cake\Http\Runner))
#44 /home/lipe/TRABALHO_FINAL/trab_fin_bd/vendor/cakephp/cakephp/src/Http/Runner.php(51): Cake\Http\Runner->__invoke(Object(Cake\Http\ServerRequest), Object(Cake\Http\Response))
#45 /home/lipe/TRABALHO_FINAL/trab_fin_bd/vendor/cakephp/cakephp/src/Http/Server.php(97): Cake\Http\Runner->run(Object(Cake\Http\MiddlewareQueue), Object(Cake\Http\ServerRequest), Object(Cake\Http\Response))
#46 /home/lipe/TRABALHO_FINAL/trab_fin_bd/webroot/index.php(40): Cake\Http\Server->run()
#47 {main}
Request URL: /product/edit/1
Referer URL: http://localhost:8765/product/edit/1


2022-03-09 15:12:45 Error: [PDOException] SQLSTATE[42S22]: Column not found: 1054 Unknown column 'ProductCategorie.product_id' in 'where clause' (/home/lipe/TRABALHO_FINAL/trab_fin_bd/vendor/cakephp/cakephp/src/Database/Statement/MysqlStatement.php:37)
#0 /home/lipe/TRABALHO_FINAL/trab_fin_bd/vendor/cakephp/cakephp/src/Database/Statement/MysqlStatement.php(37): PDOStatement->execute(NULL)
#1 /home/lipe/TRABALHO_FINAL/trab_fin_bd/vendor/cakephp/cakephp/src/Database/Statement/StatementDecorator.php(173): Cake\Database\Statement\MysqlStatement->execute(NULL)
#2 /home/lipe/TRABALHO_FINAL/trab_fin_bd/vendor/cakephp/cakephp/src/Database/Log/LoggingStatement.php(55): Cake\Database\Statement\StatementDecorator->execute(NULL)
#3 /home/lipe/TRABALHO_FINAL/trab_fin_bd/vendor/cakephp/cakephp/src/Database/Connection.php(342): Cake\Database\Log\LoggingStatement->execute()
#4 /home/lipe/TRABALHO_FINAL/trab_fin_bd/vendor/cakephp/cakephp/src/Core/Retry/CommandRetry.php(67): Cake\Database\Connection->Cake\Database\{closure}()
#5 /home/lipe/TRABALHO_FINAL/trab_fin_bd/vendor/cakephp/cakephp/src/Database/Connection.php(345): Cake\Core\Retry\CommandRetry->run(Object(Closure))
#6 /home/lipe/TRABALHO_FINAL/trab_fin_bd/vendor/cakephp/cakephp/src/Database/Query.php(218): Cake\Database\Connection->run(Object(Cake\ORM\Query))
#7 /home/lipe/TRABALHO_FINAL/trab_fin_bd/vendor/cakephp/cakephp/src/ORM/Query.php(1155): Cake\Database\Query->execute()
#8 /home/lipe/TRABALHO_FINAL/trab_fin_bd/vendor/cakephp/cakephp/src/Datasource/QueryTrait.php(310): Cake\ORM\Query->_execute()
#9 /home/lipe/TRABALHO_FINAL/trab_fin_bd/vendor/cakephp/cakephp/src/ORM/Query.php(1099): Cake\ORM\Query->_all()
#10 /home/lipe/TRABALHO_FINAL/trab_fin_bd/vendor/cakephp/cakephp/src/Datasource/QueryTrait.php(150): Cake\ORM\Query->all()
#11 /home/lipe/TRABALHO_FINAL/trab_fin_bd/vendor/cakephp/cakephp/src/ORM/Association/BelongsToMany.php(1291): Cake\ORM\Query->getIterator()
#12 /home/lipe/TRABALHO_FINAL/trab_fin_bd/vendor/cakephp/cakephp/src/ORM/Association/BelongsToMany.php(1238): Cake\ORM\Association\BelongsToMany->_diffLinks(Object(Cake\ORM\Query), Array, Array, Array)
#13 /home/lipe/TRABALHO_FINAL/trab_fin_bd/vendor/cakephp/cakephp/src/Database/Connection.php(741): Cake\ORM\Association\BelongsToMany->Cake\ORM\Association\{closure}(Object(Cake\Database\Connection))
#14 /home/lipe/TRABALHO_FINAL/trab_fin_bd/vendor/cakephp/cakephp/src/ORM/Association/BelongsToMany.php(1259): Cake\Database\Connection->transactional(Object(Closure))
#15 /home/lipe/TRABALHO_FINAL/trab_fin_bd/vendor/cakephp/cakephp/src/ORM/Association/BelongsToMany.php(744): Cake\ORM\Association\BelongsToMany->replaceLinks(Object(App\Model\Entity\Product), Array, Array)
#16 /home/lipe/TRABALHO_FINAL/trab_fin_bd/vendor/cakephp/cakephp/src/ORM/AssociationCollection.php(320): Cake\ORM\Association\BelongsToMany->saveAssociated(Object(App\Model\Entity\Product), Array)
#17 /home/lipe/TRABALHO_FINAL/trab_fin_bd/vendor/cakephp/cakephp/src/ORM/AssociationCollection.php(294): Cake\ORM\AssociationCollection->_save(Object(Cake\ORM\Association\BelongsToMany), Object(App\Model\Entity\Product), Array, Array)
#18 /home/lipe/TRABALHO_FINAL/trab_fin_bd/vendor/cakephp/cakephp/src/ORM/AssociationCollection.php(259): Cake\ORM\AssociationCollection->_saveAssociations(Object(App\Model\Table\ProductTable), Object(App\Model\Entity\Product), Array, Array, true)
#19 /home/lipe/TRABALHO_FINAL/trab_fin_bd/vendor/cakephp/cakephp/src/ORM/Table.php(2085): Cake\ORM\AssociationCollection->saveChildren(Object(App\Model\Table\ProductTable), Object(App\Model\Entity\Product), Array, Array)
#20 /home/lipe/TRABALHO_FINAL/trab_fin_bd/vendor/cakephp/cakephp/src/ORM/Table.php(2058): Cake\ORM\Table->_onSaveSuccess(Object(App\Model\Entity\Product), Object(ArrayObject))
#21 /home/lipe/TRABALHO_FINAL/trab_fin_bd/vendor/cakephp/cakephp/src/ORM/Table.php(1965): Cake\ORM\Table->_processSave(Object(App\Model\Entity\Product), Object(ArrayObject))
#22 /home/lipe/TRABALHO_FINAL/trab_fin_bd/vendor/cakephp/cakephp/src/ORM/Table.php(1670): Cake\ORM\Table->Cake\ORM\{closure}()
#23 /home/lipe/TRABALHO_FINAL/trab_fin_bd/vendor/cakephp/cakephp/src/Database/Connection.php(741): Cake\ORM\Table->Cake\ORM\{closure}(Object(Cake\Database\Connection))
#24 /home/lipe/TRABALHO_FINAL/trab_fin_bd/vendor/cakephp/cakephp/src/ORM/Table.php(1671): Cake\Database\Connection->transactional(Object(Closure))
#25 /home/lipe/TRABALHO_FINAL/trab_fin_bd/vendor/cakephp/cakephp/src/ORM/Table.php(1966): Cake\ORM\Table->_executeTransaction(Object(Closure), true)
#26 /home/lipe/TRABALHO_FINAL/trab_fin_bd/src/Controller/ProductController.php(121): Cake\ORM\Table->save(Object(App\Model\Entity\Product))
#27 /home/lipe/TRABALHO_FINAL/trab_fin_bd/vendor/cakephp/cakephp/src/Controller/Controller.php(606): App\Controller\ProductController->edit('1')
#28 /home/lipe/TRABALHO_FINAL/trab_fin_bd/vendor/cakephp/cakephp/src/Http/ActionDispatcher.php(120): Cake\Controller\Controller->invokeAction()
#29 /home/lipe/TRABALHO_FINAL/trab_fin_bd/vendor/cakephp/cakephp/src/Http/ActionDispatcher.php(94): Cake\Http\ActionDispatcher->_invoke(Object(App\Controller\ProductController))
#30 /home/lipe/TRABALHO_FINAL/trab_fin_bd/vendor/cakephp/cakephp/src/Http/BaseApplication.php(256): Cake\Http\ActionDispatcher->dispatch(Object(Cake\Http\ServerRequest), Object(Cake\Http\Response))
#31 /home/lipe/TRABALHO_FINAL/trab_fin_bd/vendor/cakephp/cakephp/src/Http/Runner.php(65): Cake\Http\BaseApplication->__invoke(Object(Cake\Http\ServerRequest), Object(Cake\Http\Response), Object(Cake\Http\Runner))
#32 /home/lipe/TRABALHO_FINAL/trab_fin_bd/vendor/cakephp/cakephp/src/Http/Runner.php(65): Cake\Http\Runner->__invoke(Object(Cake\Http\ServerRequest), Object(Cake\Http\Response), Object(Cake\Http\Runner))
#33 /home/lipe/TRABALHO_FINAL/trab_fin_bd/vendor/cakephp/cakephp/src/Http/Middleware/CsrfProtectionMiddleware.php(126): Cake\Http\Runner->__invoke(Object(Cake\Http\ServerRequest), Object(Cake\Http\Response))
#34 /home/lipe/TRABALHO_FINAL/trab_fin_bd/vendor/cakephp/cakephp/src/Http/Runner.php(65): Cake\Http\Middleware\CsrfProtectionMiddleware->__invoke(Object(Cake\Http\ServerRequest), Object(Cake\Http\Response), Object(Cake\Http\Runner))
#35 /home/lipe/TRABALHO_FINAL/trab_fin_bd/vendor/cakephp/cakephp/src/Http/Runner.php(51): Cake\Http\Runner->__invoke(Object(Cake\Http\ServerRequest), Object(Cake\Http\Response))
#36 /home/lipe/TRABALHO_FINAL/trab_fin_bd/vendor/cakephp/cakephp/src/Routing/Middleware/RoutingMiddleware.php(170): Cake\Http\Runner->run(Object(Cake\Http\MiddlewareQueue), Object(Cake\Http\ServerRequest), Object(Cake\Http\Response))
#37 /home/lipe/TRABALHO_FINAL/trab_fin_bd/vendor/cakephp/cakephp/src/Http/Runner.php(65): Cake\Routing\Middleware\RoutingMiddleware->__invoke(Object(Cake\Http\ServerRequest), Object(Cake\Http\Response), Object(Cake\Http\Runner))
#38 /home/lipe/TRABALHO_FINAL/trab_fin_bd/vendor/cakephp/cakephp/src/Routing/Middleware/AssetMiddleware.php(88): Cake\Http\Runner->__invoke(Object(Cake\Http\ServerRequest), Object(Cake\Http\Response))
#39 /home/lipe/TRABALHO_FINAL/trab_fin_bd/vendor/cakephp/cakephp/src/Http/Runner.php(65): Cake\Routing\Middleware\AssetMiddleware->__invoke(Object(Cake\Http\ServerRequest), Object(Cake\Http\Response), Object(Cake\Http\Runner))
#40 /home/lipe/TRABALHO_FINAL/trab_fin_bd/vendor/cakephp/cakephp/src/Error/Middleware/ErrorHandlerMiddleware.php(100): Cake\Http\Runner->__invoke(Object(Cake\Http\ServerRequest), Object(Cake\Http\Response))
#41 /home/lipe/TRABALHO_FINAL/trab_fin_bd/vendor/cakephp/cakephp/src/Http/Runner.php(65): Cake\Error\Middleware\ErrorHandlerMiddleware->__invoke(Object(Cake\Http\ServerRequest), Object(Cake\Http\Response), Object(Cake\Http\Runner))
#42 /home/lipe/TRABALHO_FINAL/trab_fin_bd/vendor/cakephp/debug_kit/src/Middleware/DebugKitMiddleware.php(53): Cake\Http\Runner->__invoke(Object(Cake\Http\ServerRequest), Object(Cake\Http\Response))
#43 /home/lipe/TRABALHO_FINAL/trab_fin_bd/vendor/cakephp/cakephp/src/Http/Runner.php(65): DebugKit\Middleware\DebugKitMiddleware->__invoke(Object(Cake\Http\ServerRequest), Object(Cake\Http\Response), Object(Cake\Http\Runner))
#44 /home/lipe/TRABALHO_FINAL/trab_fin_bd/vendor/cakephp/cakephp/src/Http/Runner.php(51): Cake\Http\Runner->__invoke(Object(Cake\Http\ServerRequest), Object(Cake\Http\Response))
#45 /home/lipe/TRABALHO_FINAL/trab_fin_bd/vendor/cakephp/cakephp/src/Http/Server.php(97): Cake\Http\Runner->run(Object(Cake\Http\MiddlewareQueue), Object(Cake\Http\ServerRequest), Object(Cake\Http\Response))
#46 /home/lipe/TRABALHO_FINAL/trab_fin_bd/webroot/index.php(40): Cake\Http\Server->run()
#47 {main}
Request URL: /product/edit/1
Referer URL: http://localhost:8765/product/edit/1


2022-03-09 15:13:36 Error: [Cake\Datasource\Exception\InvalidPrimaryKeyException] Record not found in table "product" with primary key [NULL] (/home/lipe/TRABALHO_FINAL/trab_fin_bd/vendor/cakephp/cakephp/src/ORM/Table.php:1629)
#0 /home/lipe/TRABALHO_FINAL/trab_fin_bd/src/Controller/ProductController.php(117): Cake\ORM\Table->get(Array, Array)
#1 /home/lipe/TRABALHO_FINAL/trab_fin_bd/vendor/cakephp/cakephp/src/Controller/Controller.php(606): App\Controller\ProductController->edit()
#2 /home/lipe/TRABALHO_FINAL/trab_fin_bd/vendor/cakephp/cakephp/src/Http/ActionDispatcher.php(120): Cake\Controller\Controller->invokeAction()
#3 /home/lipe/TRABALHO_FINAL/trab_fin_bd/vendor/cakephp/cakephp/src/Http/ActionDispatcher.php(94): Cake\Http\ActionDispatcher->_invoke(Object(App\Controller\ProductController))
#4 /home/lipe/TRABALHO_FINAL/trab_fin_bd/vendor/cakephp/cakephp/src/Http/BaseApplication.php(256): Cake\Http\ActionDispatcher->dispatch(Object(Cake\Http\ServerRequest), Object(Cake\Http\Response))
#5 /home/lipe/TRABALHO_FINAL/trab_fin_bd/vendor/cakephp/cakephp/src/Http/Runner.php(65): Cake\Http\BaseApplication->__invoke(Object(Cake\Http\ServerRequest), Object(Cake\Http\Response), Object(Cake\Http\Runner))
#6 /home/lipe/TRABALHO_FINAL/trab_fin_bd/vendor/cakephp/cakephp/src/Http/Runner.php(65): Cake\Http\Runner->__invoke(Object(Cake\Http\ServerRequest), Object(Cake\Http\Response), Object(Cake\Http\Runner))
#7 /home/lipe/TRABALHO_FINAL/trab_fin_bd/vendor/cakephp/cakephp/src/Http/Middleware/CsrfProtectionMiddleware.php(126): Cake\Http\Runner->__invoke(Object(Cake\Http\ServerRequest), Object(Cake\Http\Response))
#8 /home/lipe/TRABALHO_FINAL/trab_fin_bd/vendor/cakephp/cakephp/src/Http/Runner.php(65): Cake\Http\Middleware\CsrfProtectionMiddleware->__invoke(Object(Cake\Http\ServerRequest), Object(Cake\Http\Response), Object(Cake\Http\Runner))
#9 /home/lipe/TRABALHO_FINAL/trab_fin_bd/vendor/cakephp/cakephp/src/Http/Runner.php(51): Cake\Http\Runner->__invoke(Object(Cake\Http\ServerRequest), Object(Cake\Http\Response))
#10 /home/lipe/TRABALHO_FINAL/trab_fin_bd/vendor/cakephp/cakephp/src/Routing/Middleware/RoutingMiddleware.php(170): Cake\Http\Runner->run(Object(Cake\Http\MiddlewareQueue), Object(Cake\Http\ServerRequest), Object(Cake\Http\Response))
#11 /home/lipe/TRABALHO_FINAL/trab_fin_bd/vendor/cakephp/cakephp/src/Http/Runner.php(65): Cake\Routing\Middleware\RoutingMiddleware->__invoke(Object(Cake\Http\ServerRequest), Object(Cake\Http\Response), Object(Cake\Http\Runner))
#12 /home/lipe/TRABALHO_FINAL/trab_fin_bd/vendor/cakephp/cakephp/src/Routing/Middleware/AssetMiddleware.php(88): Cake\Http\Runner->__invoke(Object(Cake\Http\ServerRequest), Object(Cake\Http\Response))
#13 /home/lipe/TRABALHO_FINAL/trab_fin_bd/vendor/cakephp/cakephp/src/Http/Runner.php(65): Cake\Routing\Middleware\AssetMiddleware->__invoke(Object(Cake\Http\ServerRequest), Object(Cake\Http\Response), Object(Cake\Http\Runner))
#14 /home/lipe/TRABALHO_FINAL/trab_fin_bd/vendor/cakephp/cakephp/src/Error/Middleware/ErrorHandlerMiddleware.php(100): Cake\Http\Runner->__invoke(Object(Cake\Http\ServerRequest), Object(Cake\Http\Response))
#15 /home/lipe/TRABALHO_FINAL/trab_fin_bd/vendor/cakephp/cakephp/src/Http/Runner.php(65): Cake\Error\Middleware\ErrorHandlerMiddleware->__invoke(Object(Cake\Http\ServerRequest), Object(Cake\Http\Response), Object(Cake\Http\Runner))
#16 /home/lipe/TRABALHO_FINAL/trab_fin_bd/vendor/cakephp/debug_kit/src/Middleware/DebugKitMiddleware.php(53): Cake\Http\Runner->__invoke(Object(Cake\Http\ServerRequest), Object(Cake\Http\Response))
#17 /home/lipe/TRABALHO_FINAL/trab_fin_bd/vendor/cakephp/cakephp/src/Http/Runner.php(65): DebugKit\Middleware\DebugKitMiddleware->__invoke(Object(Cake\Http\ServerRequest), Object(Cake\Http\Response), Object(Cake\Http\Runner))
#18 /home/lipe/TRABALHO_FINAL/trab_fin_bd/vendor/cakephp/cakephp/src/Http/Runner.php(51): Cake\Http\Runner->__invoke(Object(Cake\Http\ServerRequest), Object(Cake\Http\Response))
#19 /home/lipe/TRABALHO_FINAL/trab_fin_bd/vendor/cakephp/cakephp/src/Http/Server.php(97): Cake\Http\Runner->run(Object(Cake\Http\MiddlewareQueue), Object(Cake\Http\ServerRequest), Object(Cake\Http\Response))
#20 /home/lipe/TRABALHO_FINAL/trab_fin_bd/webroot/index.php(40): Cake\Http\Server->run()
#21 {main}
Request URL: /product/edit
Referer URL: http://localhost:8765/product/edit/1


